<?xml version="1.0" encoding="UTF-8"?>
<!-- Generated by org.testng.reporters.JUnitReportReporter -->
<testsuite hostname="Mohit" name="Test.Listner.TestDemo" tests="3" failures="0" timestamp="30 Mar 2020 10:30:00 GMT" time="11.273" errors="0">
  <testcase name="getTitle" time="11.262" classname="Test.Listner.TestDemo"/>
  <testcase name="getSkip" time="0.001" classname="Test.Listner.TestDemo"/>
  <testcase name="getFail" time="0.010" classname="Test.Listner.TestDemo"/>
</testsuite> <!-- Test.Listner.TestDemo -->
