<?xml version="1.0" encoding="UTF-8"?>
<!-- Generated by org.testng.reporters.JUnitReportReporter -->
<testsuite hostname="Mohit" name="Test.Listner.TestDemmo1" tests="4" failures="0" timestamp="30 Mar 2020 10:30:00 GMT" time="15.633" errors="0">
  <testcase name="verify_getSkip" time="0.001" classname="Test.Listner.TestDemmo1"/>
  <testcase name="verify_getFailed" time="0.001" classname="Test.Listner.TestDemmo1"/>
  <testcase name="verify_Login" time="4.590" classname="Test.Listner.TestDemmo1"/>
  <testcase name="verify_LaunchWebsite" time="11.041" classname="Test.Listner.TestDemmo1"/>
</testsuite> <!-- Test.Listner.TestDemmo1 -->
